2026-02-24 12:03:09.389 [restartedMain] INFO  c.o.E.EventTicketingSystemApplication - Starting EventTicketingSystemApplication using Java 23.0.2 with PID 28276 (T:\Projects\Event-X\BACKEND\EventTicketingSystem\target\classes started by Thisal in T:\Projects\Event-X\BACKEND\EventTicketingSystem)
2026-02-24 12:03:09.397 [restartedMain] DEBUG c.o.E.EventTicketingSystemApplication - Running with Spring Boot v3.4.0, Spring v6.2.0
2026-02-24 12:03:09.398 [restartedMain] INFO  c.o.E.EventTicketingSystemApplication - The following 1 profile is active: "dev"
2026-02-24 12:03:09.453 [restartedMain] INFO  o.s.b.d.e.DevToolsPropertyDefaultsPostProcessor - Devtools property defaults active! Set 'spring.devtools.add-properties' to 'false' to disable
2026-02-24 12:03:09.453 [restartedMain] INFO  o.s.b.d.e.DevToolsPropertyDefaultsPostProcessor - For additional web related logging consider setting the 'logging.level.web' property to 'DEBUG'
2026-02-24 12:03:10.474 [restartedMain] INFO  o.s.d.r.c.RepositoryConfigurationDelegate - Bootstrapping Spring Data JPA repositories in DEFAULT mode.
2026-02-24 12:03:10.568 [restartedMain] INFO  o.s.d.r.c.RepositoryConfigurationDelegate - Finished Spring Data repository scanning in 87 ms. Found 15 JPA repository interfaces.
2026-02-24 12:03:11.304 [restartedMain] INFO  o.s.b.w.e.tomcat.TomcatWebServer - Tomcat initialized with port 8080 (http)
2026-02-24 12:03:11.319 [restartedMain] INFO  o.a.coyote.http11.Http11NioProtocol - Initializing ProtocolHandler ["http-nio-8080"]
2026-02-24 12:03:11.321 [restartedMain] INFO  o.a.catalina.core.StandardService - Starting service [Tomcat]
2026-02-24 12:03:11.321 [restartedMain] INFO  o.a.catalina.core.StandardEngine - Starting Servlet engine: [Apache Tomcat/10.1.33]
2026-02-24 12:03:11.370 [restartedMain] INFO  o.a.c.c.C.[Tomcat].[localhost].[/] - Initializing Spring embedded WebApplicationContext
2026-02-24 12:03:11.371 [restartedMain] INFO  o.s.b.w.s.c.ServletWebServerApplicationContext - Root WebApplicationContext: initialization completed in 1917 ms
2026-02-24 12:03:11.987 [restartedMain] INFO  o.s.o.j.p.SpringPersistenceUnitInfo - No LoadTimeWeaver setup: ignoring JPA class transformer
2026-02-24 12:03:12.045 [restartedMain] INFO  com.zaxxer.hikari.HikariDataSource - HikariPool-1 - Starting...
2026-02-24 12:03:15.961 [restartedMain] INFO  com.zaxxer.hikari.pool.HikariPool - HikariPool-1 - Added connection com.mysql.cj.jdbc.ConnectionImpl@b1f127c
2026-02-24 12:03:15.963 [restartedMain] INFO  com.zaxxer.hikari.HikariDataSource - HikariPool-1 - Start completed.
2026-02-24 12:03:16.602 [restartedMain] WARN  org.hibernate.orm.deprecation - HHH90000025: MySQLDialect does not need to be specified explicitly using 'hibernate.dialect' (remove the property setting and it will be selected by default)
2026-02-24 12:03:35.741 [restartedMain] INFO  o.s.o.j.LocalContainerEntityManagerFactoryBean - Initialized JPA EntityManagerFactory for persistence unit 'default'
2026-02-24 12:03:36.393 [restartedMain] DEBUG o.s.w.f.ServerHttpObservationFilter - Filter 'webMvcObservationFilter' configured for use
2026-02-24 12:03:36.393 [restartedMain] DEBUG c.o.E.s.TokenAuthenticationFilter - Filter 'tokenAuthenticationFilter' configured for use
2026-02-24 12:03:36.747 [restartedMain] INFO  o.s.s.c.a.a.c.InitializeAuthenticationProviderBeanManagerConfigurer$InitializeAuthenticationProviderManagerConfigurer - Global AuthenticationManager configured with AuthenticationProvider bean with name authenticationProvider
2026-02-24 12:03:36.748 [restartedMain] WARN  o.s.s.c.a.a.c.InitializeUserDetailsBeanManagerConfigurer$InitializeUserDetailsManagerConfigurer - Global AuthenticationManager configured with an AuthenticationProvider bean. UserDetailsService beans will not be used by Spring Security for automatically configuring username/password login. Consider removing the AuthenticationProvider bean. Alternatively, consider using the UserDetailsService in a manually instantiated DaoAuthenticationProvider. If the current configuration is intentional, to turn off this warning, increase the logging level of 'org.springframework.security.config.annotation.authentication.configuration.InitializeUserDetailsBeanManagerConfigurer' to ERROR
2026-02-24 12:03:36.925 [restartedMain] INFO  o.s.d.j.r.query.QueryEnhancerFactory - Hibernate is in classpath; If applicable, HQL parser will be used.
2026-02-24 12:03:38.381 [restartedMain] DEBUG o.s.w.s.s.s.WebSocketHandlerMapping - Patterns [/ws/**] in 'stompWebSocketHandlerMapping'
2026-02-24 12:03:38.543 [restartedMain] WARN  o.s.b.a.o.j.JpaBaseConfiguration$JpaWebConfiguration - spring.jpa.open-in-view is enabled by default. Therefore, database queries may be performed during view rendering. Explicitly configure spring.jpa.open-in-view to disable this warning
2026-02-24 12:03:38.628 [restartedMain] DEBUG o.s.w.s.m.WebSocketAnnotationMethodMessageHandler - 
	c.o.E.c.AccountController:
	
2026-02-24 12:03:38.630 [restartedMain] DEBUG o.s.w.s.m.WebSocketAnnotationMethodMessageHandler - 
	c.o.E.c.AdminController:
	
2026-02-24 12:03:38.630 [restartedMain] DEBUG o.s.w.s.m.WebSocketAnnotationMethodMessageHandler - 
	c.o.E.c.AttendeeController:
	
2026-02-24 12:03:38.631 [restartedMain] DEBUG o.s.w.s.m.WebSocketAnnotationMethodMessageHandler - 
	c.o.E.c.AuditLogController:
	
2026-02-24 12:03:38.631 [restartedMain] DEBUG o.s.w.s.m.WebSocketAnnotationMethodMessageHandler - 
	c.o.E.c.AuthController:
	
2026-02-24 12:03:38.631 [restartedMain] DEBUG o.s.w.s.m.WebSocketAnnotationMethodMessageHandler - 
	c.o.E.c.AuthControllerV1:
	
2026-02-24 12:03:38.631 [restartedMain] DEBUG o.s.w.s.m.WebSocketAnnotationMethodMessageHandler - 
	c.o.E.c.ConfigurationController:
	
2026-02-24 12:03:38.632 [restartedMain] DEBUG o.s.w.s.m.WebSocketAnnotationMethodMessageHandler - 
	c.o.E.c.EventController:
	
2026-02-24 12:03:38.632 [restartedMain] DEBUG o.s.w.s.m.WebSocketAnnotationMethodMessageHandler - 
	c.o.E.c.EventLiveController:
	
2026-02-24 12:03:38.633 [restartedMain] DEBUG o.s.w.s.m.WebSocketAnnotationMethodMessageHandler - 
	c.o.E.c.GatekeeperController:
	
2026-02-24 12:03:38.633 [restartedMain] DEBUG o.s.w.s.m.WebSocketAnnotationMethodMessageHandler - 
	c.o.E.c.OrderController:
	
2026-02-24 12:03:38.633 [restartedMain] DEBUG o.s.w.s.m.WebSocketAnnotationMethodMessageHandler - 
	c.o.E.c.PriceRuleController:
	
2026-02-24 12:03:38.633 [restartedMain] DEBUG o.s.w.s.m.WebSocketAnnotationMethodMessageHandler - 
	c.o.E.c.PromoCodeController:
	
2026-02-24 12:03:38.635 [restartedMain] DEBUG o.s.w.s.m.WebSocketAnnotationMethodMessageHandler - 
	c.o.E.c.RoleController:
	
2026-02-24 12:03:38.635 [restartedMain] DEBUG o.s.w.s.m.WebSocketAnnotationMethodMessageHandler - 
	c.o.E.c.SystemControlController:
	
2026-02-24 12:03:38.635 [restartedMain] DEBUG o.s.w.s.m.WebSocketAnnotationMethodMessageHandler - 
	c.o.E.c.SystemHealthController:
	
2026-02-24 12:03:38.635 [restartedMain] DEBUG o.s.w.s.m.WebSocketAnnotationMethodMessageHandler - 
	c.o.E.c.TicketController:
	
2026-02-24 12:03:38.636 [restartedMain] DEBUG o.s.w.s.m.WebSocketAnnotationMethodMessageHandler - 
	c.o.E.c.TicketPoolController:
	
2026-02-24 12:03:38.636 [restartedMain] DEBUG o.s.w.s.m.WebSocketAnnotationMethodMessageHandler - 
	c.o.E.c.WaitlistController:
	
2026-02-24 12:03:38.639 [restartedMain] DEBUG o.s.w.s.m.WebSocketAnnotationMethodMessageHandler - 
	o.s.b.a.w.s.e.BasicErrorController:
	
2026-02-24 12:03:38.904 [restartedMain] DEBUG o.s.w.s.m.m.a.RequestMappingHandlerMapping - 99 mappings in 'requestMappingHandlerMapping'
2026-02-24 12:03:38.984 [restartedMain] DEBUG o.s.w.s.h.SimpleUrlHandlerMapping - Patterns [/webjars/**, /**, /uploads/**] in 'resourceHandlerMapping'
2026-02-24 12:03:39.187 [restartedMain] INFO  o.s.b.a.e.web.EndpointLinksResolver - Exposing 3 endpoints beneath base path '/actuator'
2026-02-24 12:03:39.558 [restartedMain] DEBUG o.s.w.s.m.m.a.RequestMappingHandlerAdapter - ControllerAdvice beans: 0 @ModelAttribute, 0 @InitBinder, 1 RequestBodyAdvice, 1 ResponseBodyAdvice
2026-02-24 12:03:39.651 [restartedMain] DEBUG o.s.w.s.m.m.a.ExceptionHandlerExceptionResolver - ControllerAdvice beans: 1 @ExceptionHandler, 1 ResponseBodyAdvice
2026-02-24 12:03:40.035 [restartedMain] INFO  o.s.b.d.a.OptionalLiveReloadServer - LiveReload server is running on port 35729
2026-02-24 12:03:40.118 [restartedMain] DEBUG org.springframework.web.SimpLogging - clientOutboundChannel added SubProtocolWebSocketHandler[StompSubProtocolHandler[v10.stomp, v11.stomp, v12.stomp]]
2026-02-24 12:03:40.119 [restartedMain] DEBUG org.springframework.web.SimpLogging - clientInboundChannel added WebSocketAnnotationMethodMessageHandler[prefixes=[/app/]]
2026-02-24 12:03:40.120 [restartedMain] INFO  o.s.m.s.b.SimpleBrokerMessageHandler - Starting...
2026-02-24 12:03:40.121 [restartedMain] DEBUG org.springframework.web.SimpLogging - clientInboundChannel added SimpleBrokerMessageHandler [org.springframework.messaging.simp.broker.DefaultSubscriptionRegistry@52931a35]
2026-02-24 12:03:40.121 [restartedMain] DEBUG org.springframework.web.SimpLogging - brokerChannel added SimpleBrokerMessageHandler [org.springframework.messaging.simp.broker.DefaultSubscriptionRegistry@52931a35]
2026-02-24 12:03:40.121 [restartedMain] INFO  o.s.m.s.b.SimpleBrokerMessageHandler - BrokerAvailabilityEvent[available=true, SimpleBrokerMessageHandler [org.springframework.messaging.simp.broker.DefaultSubscriptionRegistry@52931a35]]
2026-02-24 12:03:40.122 [restartedMain] INFO  o.s.m.s.b.SimpleBrokerMessageHandler - Started.
2026-02-24 12:03:40.123 [restartedMain] DEBUG org.springframework.web.SimpLogging - clientInboundChannel added UserDestinationMessageHandler[DefaultUserDestinationResolver[prefix=/user/]]
2026-02-24 12:03:40.123 [restartedMain] DEBUG org.springframework.web.SimpLogging - brokerChannel added UserDestinationMessageHandler[DefaultUserDestinationResolver[prefix=/user/]]
2026-02-24 12:03:40.123 [restartedMain] INFO  o.a.coyote.http11.Http11NioProtocol - Starting ProtocolHandler ["http-nio-8080"]
2026-02-24 12:03:40.154 [restartedMain] INFO  o.s.b.w.e.tomcat.TomcatWebServer - Tomcat started on port 8080 (http) with context path '/'
2026-02-24 12:03:40.171 [restartedMain] INFO  c.o.E.EventTicketingSystemApplication - Started EventTicketingSystemApplication in 31.235 seconds (process running for 31.669)
2026-02-24 12:03:40.314 [MessageBroker-3] DEBUG org.hibernate.SQL - 
    select
        e1_0.id,
        e1_0.approval_status,
        e1_0.banner_image,
        e1_0.category,
        e1_0.date,
        e1_0.description,
        e1_0.name,
        e1_0.organizer_id,
        e1_0.status,
        e1_0.venue 
    from
        events e1_0 
    where
        e1_0.status=? 
        and e1_0.approval_status=?
2026-02-24 12:03:40.733 [MessageBroker-5] DEBUG org.hibernate.SQL - 
    select
        pr1_0.id,
        pr1_0.applied,
        pr1_0.condition_type,
        pr1_0.new_price,
        pr1_0.priority,
        pr1_0.sold_threshold,
        pr1_0.ticket_type_id,
        pr1_0.tier_name,
        pr1_0.trigger_date 
    from
        price_rules pr1_0 
    where
        pr1_0.condition_type='DATE' 
        and pr1_0.applied=0 
        and pr1_0.trigger_date<=?
2026-02-24 12:03:40.905 [MessageBroker-3] DEBUG org.hibernate.SQL - 
    select
        ec1_0.id,
        ec1_0.event_id,
        ec1_0.is_sent2h,
        ec1_0.is_sent48h,
        ec1_0.is_sent7d,
        ec1_0.reminder2h_body,
        ec1_0.reminder2h_enabled,
        ec1_0.reminder2h_subject,
        ec1_0.reminder48h_body,
        ec1_0.reminder48h_enabled,
        ec1_0.reminder48h_subject,
        ec1_0.reminder7d_body,
        ec1_0.reminder7d_enabled,
        ec1_0.reminder7d_subject 
    from
        event_communications ec1_0 
    where
        ec1_0.event_id=?
2026-02-24 12:03:41.198 [MessageBroker-3] DEBUG org.hibernate.SQL - 
    select
        ec1_0.id,
        ec1_0.event_id,
        ec1_0.is_sent2h,
        ec1_0.is_sent48h,
        ec1_0.is_sent7d,
        ec1_0.reminder2h_body,
        ec1_0.reminder2h_enabled,
        ec1_0.reminder2h_subject,
        ec1_0.reminder48h_body,
        ec1_0.reminder48h_enabled,
        ec1_0.reminder48h_subject,
        ec1_0.reminder7d_body,
        ec1_0.reminder7d_enabled,
        ec1_0.reminder7d_subject 
    from
        event_communications ec1_0 
    where
        ec1_0.event_id=?
2026-02-24 12:03:41.571 [MessageBroker-3] DEBUG org.hibernate.SQL - 
    select
        ec1_0.id,
        ec1_0.event_id,
        ec1_0.is_sent2h,
        ec1_0.is_sent48h,
        ec1_0.is_sent7d,
        ec1_0.reminder2h_body,
        ec1_0.reminder2h_enabled,
        ec1_0.reminder2h_subject,
        ec1_0.reminder48h_body,
        ec1_0.reminder48h_enabled,
        ec1_0.reminder48h_subject,
        ec1_0.reminder7d_body,
        ec1_0.reminder7d_enabled,
        ec1_0.reminder7d_subject 
    from
        event_communications ec1_0 
    where
        ec1_0.event_id=?
2026-02-24 12:03:41.904 [MessageBroker-3] DEBUG org.hibernate.SQL - 
    select
        ec1_0.id,
        ec1_0.event_id,
        ec1_0.is_sent2h,
        ec1_0.is_sent48h,
        ec1_0.is_sent7d,
        ec1_0.reminder2h_body,
        ec1_0.reminder2h_enabled,
        ec1_0.reminder2h_subject,
        ec1_0.reminder48h_body,
        ec1_0.reminder48h_enabled,
        ec1_0.reminder48h_subject,
        ec1_0.reminder7d_body,
        ec1_0.reminder7d_enabled,
        ec1_0.reminder7d_subject 
    from
        event_communications ec1_0 
    where
        ec1_0.event_id=?
2026-02-24 12:03:42.073 [MessageBroker-2] DEBUG org.springframework.web.SimpLogging - Processing MESSAGE destination=/topic/system-health session=null payload={"timestamp":"2026-02-24T12:03:40.1791681","heapMemoryUsed":80.66337585449219,"h...(truncated)
2026-02-24 12:03:42.192 [MessageBroker-3] DEBUG org.hibernate.SQL - 
    select
        ec1_0.id,
        ec1_0.event_id,
        ec1_0.is_sent2h,
        ec1_0.is_sent48h,
        ec1_0.is_sent7d,
        ec1_0.reminder2h_body,
        ec1_0.reminder2h_enabled,
        ec1_0.reminder2h_subject,
        ec1_0.reminder48h_body,
        ec1_0.reminder48h_enabled,
        ec1_0.reminder48h_subject,
        ec1_0.reminder7d_body,
        ec1_0.reminder7d_enabled,
        ec1_0.reminder7d_subject 
    from
        event_communications ec1_0 
    where
        ec1_0.event_id=?
2026-02-24 12:03:43.070 [MessageBroker-3] DEBUG org.hibernate.SQL - 
    select
        e1_0.id,
        e1_0.approval_status,
        e1_0.banner_image,
        e1_0.category,
        c1_0.id,
        c1_0.event_id,
        c1_0.is_sent2h,
        c1_0.is_sent48h,
        c1_0.is_sent7d,
        c1_0.reminder2h_body,
        c1_0.reminder2h_enabled,
        c1_0.reminder2h_subject,
        c1_0.reminder48h_body,
        c1_0.reminder48h_enabled,
        c1_0.reminder48h_subject,
        c1_0.reminder7d_body,
        c1_0.reminder7d_enabled,
        c1_0.reminder7d_subject,
        e1_0.date,
        e1_0.description,
        e1_0.name,
        e1_0.organizer_id,
        e1_0.status,
        e1_0.venue 
    from
        events e1_0 
    left join
        event_communications c1_0 
            on e1_0.id=c1_0.event_id 
    where
        e1_0.id=?
2026-02-24 12:03:44.194 [MessageBroker-3] DEBUG org.hibernate.SQL - 
    select
        distinct o1_0.id,
        o1_0.customer_id,
        o1_0.discount_amount,
        o1_0.order_date,
        o1_0.promo_code,
        o1_0.refund_date,
        o1_0.refund_reason,
        o1_0.status,
        o1_0.total_amount 
    from
        orders o1_0 
    join
        order_items oi1_0 
            on o1_0.id=oi1_0.order_id 
    join
        ticket_types tt1_0 
            on tt1_0.id=oi1_0.ticket_type_id 
    where
        tt1_0.event_id=?
2026-02-24 12:03:44.476 [MessageBroker-3] WARN  c.o.E.scheduler.EventStatsScheduler - Could not broadcast stats for event 4: failed to lazily initialize a collection of role: com.oop.EventTicketingSystem.model.Order.orderItems: could not initialize proxy - no Session
2026-02-24 12:03:45.765 [MessageBroker-1] DEBUG org.springframework.web.SimpLogging - Processing MESSAGE destination=/topic/system-health session=null payload={"timestamp":"2026-02-24T12:03:45.1717464","heapMemoryUsed":102.66337585449219,"...(truncated)
2026-02-24 12:03:50.751 [MessageBroker-2] DEBUG org.springframework.web.SimpLogging - Processing MESSAGE destination=/topic/system-health session=null payload={"timestamp":"2026-02-24T12:03:50.1681456","heapMemoryUsed":102.66337585449219,"...(truncated)
2026-02-24 12:03:55.795 [MessageBroker-8] DEBUG org.springframework.web.SimpLogging - Processing MESSAGE destination=/topic/system-health session=null payload={"timestamp":"2026-02-24T12:03:55.1777855","heapMemoryUsed":104.66337585449219,"...(truncated)
2026-02-24 12:04:00.804 [MessageBroker-4] DEBUG org.springframework.web.SimpLogging - Processing MESSAGE destination=/topic/system-health session=null payload={"timestamp":"2026-02-24T12:04:00.1802159","heapMemoryUsed":104.66337585449219,"...(truncated)
2026-02-24 12:04:05.775 [MessageBroker-7] DEBUG org.springframework.web.SimpLogging - Processing MESSAGE destination=/topic/system-health session=null payload={"timestamp":"2026-02-24T12:04:05.1763555","heapMemoryUsed":106.66337585449219,"...(truncated)
2026-02-24 12:04:10.765 [MessageBroker-12] DEBUG org.springframework.web.SimpLogging - Processing MESSAGE destination=/topic/system-health session=null payload={"timestamp":"2026-02-24T12:04:10.1774185","heapMemoryUsed":106.66337585449219,"...(truncated)
2026-02-24 12:04:15.807 [MessageBroker-2] DEBUG org.springframework.web.SimpLogging - Processing MESSAGE destination=/topic/system-health session=null payload={"timestamp":"2026-02-24T12:04:15.170685","heapMemoryUsed":59.16908264160156,"he...(truncated)
2026-02-24 12:04:20.863 [MessageBroker-5] DEBUG org.springframework.web.SimpLogging - Processing MESSAGE destination=/topic/system-health session=null payload={"timestamp":"2026-02-24T12:04:20.1799353","heapMemoryUsed":61.16908264160156,"h...(truncated)
2026-02-24 12:04:25.805 [MessageBroker-4] DEBUG org.springframework.web.SimpLogging - Processing MESSAGE destination=/topic/system-health session=null payload={"timestamp":"2026-02-24T12:04:25.1736347","heapMemoryUsed":61.16908264160156,"h...(truncated)
2026-02-24 12:04:30.773 [MessageBroker-7] DEBUG org.springframework.web.SimpLogging - Processing MESSAGE destination=/topic/system-health session=null payload={"timestamp":"2026-02-24T12:04:30.1767683","heapMemoryUsed":61.16908264160156,"h...(truncated)
2026-02-24 12:04:35.810 [MessageBroker-5] DEBUG org.springframework.web.SimpLogging - Processing MESSAGE destination=/topic/system-health session=null payload={"timestamp":"2026-02-24T12:04:35.181944","heapMemoryUsed":63.16908264160156,"he...(truncated)
2026-02-24 12:04:40.084 [MessageBroker-3] INFO  o.s.w.s.c.WebSocketMessageBrokerStats - WebSocketSession[0 current WS(0)-HttpStream(0)-HttpPoll(0), 0 total, 0 closed abnormally (0 connect failure, 0 send limit, 0 transport error)], stompSubProtocol[processed CONNECT(0)-CONNECTED(0)-DISCONNECT(0)], stompBrokerRelay[null], inboundChannel[pool size = 0, active threads = 0, queued tasks = 0, completed tasks = 0], outboundChannel[pool size = 0, active threads = 0, queued tasks = 0, completed tasks = 0], sockJsScheduler[pool size = 12, active threads = 1, queued tasks = 7, completed tasks = 95]
2026-02-24 12:04:40.712 [MessageBroker-10] DEBUG org.hibernate.SQL - 
    select
        pr1_0.id,
        pr1_0.applied,
        pr1_0.condition_type,
        pr1_0.new_price,
        pr1_0.priority,
        pr1_0.sold_threshold,
        pr1_0.ticket_type_id,
        pr1_0.tier_name,
        pr1_0.trigger_date 
    from
        price_rules pr1_0 
    where
        pr1_0.condition_type='DATE' 
        and pr1_0.applied=0 
        and pr1_0.trigger_date<=?
2026-02-24 12:04:40.872 [MessageBroker-1] DEBUG org.springframework.web.SimpLogging - Processing MESSAGE destination=/topic/system-health session=null payload={"timestamp":"2026-02-24T12:04:40.1733441","heapMemoryUsed":63.16908264160156,"h...(truncated)
2026-02-24 12:04:45.885 [MessageBroker-3] DEBUG org.springframework.web.SimpLogging - Processing MESSAGE destination=/topic/system-health session=null payload={"timestamp":"2026-02-24T12:04:45.1707029","heapMemoryUsed":65.16908264160156,"h...(truncated)
2026-02-24 12:04:51.015 [MessageBroker-2] DEBUG org.springframework.web.SimpLogging - Processing MESSAGE destination=/topic/system-health session=null payload={"timestamp":"2026-02-24T12:04:50.1707188","heapMemoryUsed":65.16908264160156,"h...(truncated)
2026-02-24 12:04:56.086 [MessageBroker-7] DEBUG org.springframework.web.SimpLogging - Processing MESSAGE destination=/topic/system-health session=null payload={"timestamp":"2026-02-24T12:04:55.1737571","heapMemoryUsed":67.16908264160156,"h...(truncated)
2026-02-24 12:05:00.004 [MessageBroker-6] INFO  c.o.E.s.EventCommunicationScheduler - Running EventCommunicationScheduler...
2026-02-24 12:05:00.961 [MessageBroker-7] DEBUG org.springframework.web.SimpLogging - Processing MESSAGE destination=/topic/system-health session=null payload={"timestamp":"2026-02-24T12:05:00.1740861","heapMemoryUsed":67.16908264160156,"h...(truncated)
2026-02-24 12:05:01.262 [MessageBroker-6] DEBUG org.hibernate.SQL - 
    select
        ec1_0.id,
        ec1_0.event_id,
        ec1_0.is_sent2h,
        ec1_0.is_sent48h,
        ec1_0.is_sent7d,
        ec1_0.reminder2h_body,
        ec1_0.reminder2h_enabled,
        ec1_0.reminder2h_subject,
        ec1_0.reminder48h_body,
        ec1_0.reminder48h_enabled,
        ec1_0.reminder48h_subject,
        ec1_0.reminder7d_body,
        ec1_0.reminder7d_enabled,
        ec1_0.reminder7d_subject 
    from
        event_communications ec1_0
2026-02-24 12:05:02.790 [MessageBroker-6] ERROR c.o.E.s.EventCommunicationScheduler - Error processing communication for event 12: Could not initialize proxy [com.oop.EventTicketingSystem.model.Event#12] - no session
2026-02-24 12:05:06.281 [MessageBroker-9] DEBUG org.springframework.web.SimpLogging - Processing MESSAGE destination=/topic/system-health session=null payload={"timestamp":"2026-02-24T12:05:05.1817205","heapMemoryUsed":69.16908264160156,"h...(truncated)
2026-02-24 12:05:11.082 [MessageBroker-12] DEBUG org.springframework.web.SimpLogging - Processing MESSAGE destination=/topic/system-health session=null payload={"timestamp":"2026-02-24T12:05:10.1767578","heapMemoryUsed":69.16908264160156,"h...(truncated)
2026-02-24 12:05:16.573 [MessageBroker-4] DEBUG org.springframework.web.SimpLogging - Processing MESSAGE destination=/topic/system-health session=null payload={"timestamp":"2026-02-24T12:05:15.1805225","heapMemoryUsed":71.16908264160156,"h...(truncated)
2026-02-24 12:05:20.818 [MessageBroker-2] DEBUG org.springframework.web.SimpLogging - Processing MESSAGE destination=/topic/system-health session=null payload={"timestamp":"2026-02-24T12:05:20.1746113","heapMemoryUsed":71.16908264160156,"h...(truncated)
2026-02-24 12:05:25.805 [MessageBroker-11] DEBUG org.springframework.web.SimpLogging - Processing MESSAGE destination=/topic/system-health session=null payload={"timestamp":"2026-02-24T12:05:25.1690394","heapMemoryUsed":73.16908264160156,"h...(truncated)
2026-02-24 12:05:30.833 [MessageBroker-2] DEBUG org.springframework.web.SimpLogging - Processing MESSAGE destination=/topic/system-health session=null payload={"timestamp":"2026-02-24T12:05:30.1830993","heapMemoryUsed":73.16908264160156,"h...(truncated)
2026-02-24 12:05:35.816 [MessageBroker-11] DEBUG org.springframework.web.SimpLogging - Processing MESSAGE destination=/topic/system-health session=null payload={"timestamp":"2026-02-24T12:05:35.1735804","heapMemoryUsed":75.16908264160156,"h...(truncated)
2026-02-24 12:05:40.844 [MessageBroker-5] DEBUG org.hibernate.SQL - 
    select
        pr1_0.id,
        pr1_0.applied,
        pr1_0.condition_type,
        pr1_0.new_price,
        pr1_0.priority,
        pr1_0.sold_threshold,
        pr1_0.ticket_type_id,
        pr1_0.tier_name,
        pr1_0.trigger_date 
    from
        price_rules pr1_0 
    where
        pr1_0.condition_type='DATE' 
        and pr1_0.applied=0 
        and pr1_0.trigger_date<=?
2026-02-24 12:05:41.010 [MessageBroker-4] DEBUG org.springframework.web.SimpLogging - Processing MESSAGE destination=/topic/system-health session=null payload={"timestamp":"2026-02-24T12:05:40.1873965","heapMemoryUsed":75.16908264160156,"h...(truncated)
2026-02-24 12:05:46.792 [MessageBroker-6] DEBUG org.springframework.web.SimpLogging - Processing MESSAGE destination=/topic/system-health session=null payload={"timestamp":"2026-02-24T12:05:45.1798553","heapMemoryUsed":77.16908264160156,"h...(truncated)
2026-02-24 12:05:51.501 [MessageBroker-10] DEBUG org.springframework.web.SimpLogging - Processing MESSAGE destination=/topic/system-health session=null payload={"timestamp":"2026-02-24T12:05:50.1863875","heapMemoryUsed":77.16908264160156,"h...(truncated)
2026-02-24 12:05:56.554 [MessageBroker-7] DEBUG org.springframework.web.SimpLogging - Processing MESSAGE destination=/topic/system-health session=null payload={"timestamp":"2026-02-24T12:05:55.1810458","heapMemoryUsed":77.16908264160156,"h...(truncated)
2026-02-24 12:05:57.068 [http-nio-8080-exec-1] INFO  o.a.c.c.C.[Tomcat].[localhost].[/] - Initializing Spring DispatcherServlet 'dispatcherServlet'
2026-02-24 12:05:57.082 [http-nio-8080-exec-1] INFO  o.s.web.servlet.DispatcherServlet - Initializing Servlet 'dispatcherServlet'
2026-02-24 12:05:57.101 [http-nio-8080-exec-1] DEBUG o.s.web.servlet.DispatcherServlet - Detected StandardServletMultipartResolver
2026-02-24 12:05:57.116 [http-nio-8080-exec-1] DEBUG o.s.web.servlet.DispatcherServlet - Detected AcceptHeaderLocaleResolver
2026-02-24 12:05:57.123 [http-nio-8080-exec-1] DEBUG o.s.web.servlet.DispatcherServlet - Detected FixedThemeResolver
2026-02-24 12:05:57.137 [http-nio-8080-exec-1] DEBUG o.s.web.servlet.DispatcherServlet - Detected org.springframework.web.servlet.view.DefaultRequestToViewNameTranslator@42382988
2026-02-24 12:05:57.139 [http-nio-8080-exec-1] DEBUG o.s.web.servlet.DispatcherServlet - Detected org.springframework.web.servlet.support.SessionFlashMapManager@4c85759a
2026-02-24 12:05:57.142 [http-nio-8080-exec-1] DEBUG o.s.web.servlet.DispatcherServlet - enableLoggingRequestDetails='false': request parameters and headers will be masked to prevent unsafe logging of potentially sensitive data
2026-02-24 12:05:57.142 [http-nio-8080-exec-1] INFO  o.s.web.servlet.DispatcherServlet - Completed initialization in 42 ms
2026-02-24 12:05:59.118 [http-nio-8080-exec-1] WARN  o.a.c.util.SessionIdGeneratorBase - Creation of SecureRandom instance for session ID generation using [SHA1PRNG] took [1,660] milliseconds.
2026-02-24 12:06:01.425 [MessageBroker-1] DEBUG org.springframework.web.SimpLogging - Processing MESSAGE destination=/topic/system-health session=null payload={"timestamp":"2026-02-24T12:06:00.1757972","heapMemoryUsed":85.16908264160156,"h...(truncated)
2026-02-24 12:06:06.154 [MessageBroker-4] DEBUG org.springframework.web.SimpLogging - Processing MESSAGE destination=/topic/system-health session=null payload={"timestamp":"2026-02-24T12:06:05.1792577","heapMemoryUsed":85.16908264160156,"h...(truncated)
2026-02-24 12:06:10.933 [MessageBroker-1] DEBUG org.springframework.web.SimpLogging - Processing MESSAGE destination=/topic/system-health session=null payload={"timestamp":"2026-02-24T12:06:10.1713246","heapMemoryUsed":87.16908264160156,"h...(truncated)
2026-02-24 12:06:16.569 [MessageBroker-6] DEBUG org.springframework.web.SimpLogging - Processing MESSAGE destination=/topic/system-health session=null payload={"timestamp":"2026-02-24T12:06:15.2110375","heapMemoryUsed":87.16908264160156,"h...(truncated)
2026-02-24 12:06:20.844 [MessageBroker-8] DEBUG org.springframework.web.SimpLogging - Processing MESSAGE destination=/topic/system-health session=null payload={"timestamp":"2026-02-24T12:06:20.1698045","heapMemoryUsed":89.16908264160156,"h...(truncated)
2026-02-24 12:06:28.034 [MessageBroker-1] DEBUG org.springframework.web.SimpLogging - Processing MESSAGE destination=/topic/system-health session=null payload={"timestamp":"2026-02-24T12:06:25.1777595","heapMemoryUsed":89.16908264160156,"h...(truncated)
2026-02-24 12:06:30.999 [MessageBroker-7] DEBUG org.springframework.web.SimpLogging - Processing MESSAGE destination=/topic/system-health session=null payload={"timestamp":"2026-02-24T12:06:30.1758162","heapMemoryUsed":91.16908264160156,"h...(truncated)
2026-02-24 12:06:32.560 [http-nio-8080-exec-3] DEBUG o.s.web.client.RestTemplate - HTTP POST https://www.googleapis.com/oauth2/v4/token
2026-02-24 12:06:32.602 [http-nio-8080-exec-3] DEBUG o.s.web.client.RestTemplate - Accept=[application/json, application/*+json]
2026-02-24 12:06:32.611 [http-nio-8080-exec-3] DEBUG o.s.web.client.RestTemplate - Writing [{grant_type=[authorization_code], code=[4/0AfrIepBt_PYtNHihkxKffEsrcpluUkgRmWufjSOqmgS3pRjjRlZMXc7JqnHS9RPVaUF6Kw], redirect_uri=[http://localhost:8080/login/oauth2/code/google]}] as "application/x-www-form-urlencoded;charset=UTF-8"
2026-02-24 12:06:33.922 [http-nio-8080-exec-3] DEBUG o.s.web.client.RestTemplate - Response 200 OK
2026-02-24 12:06:33.925 [http-nio-8080-exec-3] DEBUG o.s.web.client.RestTemplate - Reading to [org.springframework.security.oauth2.core.endpoint.OAuth2AccessTokenResponse] as "application/json;charset=utf-8"
2026-02-24 12:06:34.394 [http-nio-8080-exec-3] DEBUG o.s.web.client.RestTemplate - HTTP GET https://www.googleapis.com/oauth2/v3/certs
2026-02-24 12:06:34.396 [http-nio-8080-exec-3] DEBUG o.s.web.client.RestTemplate - Accept=[text/plain, application/json, application/*+json, */*]
2026-02-24 12:06:34.503 [http-nio-8080-exec-3] DEBUG o.s.web.client.RestTemplate - Response 200 OK
2026-02-24 12:06:34.503 [http-nio-8080-exec-3] DEBUG o.s.web.client.RestTemplate - Reading to [java.lang.String] as "application/json;charset=UTF-8"
2026-02-24 12:06:35.420 [http-nio-8080-exec-3] DEBUG org.hibernate.SQL - 
    select
        u1_0.id,
        u1_0.custom_role_id,
        u1_0.email,
        u1_0.name,
        u1_0.password,
        u1_0.provider,
        u1_0.provider_id,
        u1_0.role 
    from
        users u1_0 
    where
        u1_0.email=?
2026-02-24 12:06:36.562 [MessageBroker-6] DEBUG org.springframework.web.SimpLogging - Processing MESSAGE destination=/topic/system-health session=null payload={"timestamp":"2026-02-24T12:06:35.1776516","heapMemoryUsed":62.882484436035156,"...(truncated)
2026-02-24 12:06:38.698 [http-nio-8080-exec-5] INFO  c.o.E.s.TokenAuthenticationFilter - JWT token found for GET /api/auth/me
2026-02-24 12:06:38.820 [http-nio-8080-exec-5] INFO  c.o.E.s.TokenAuthenticationFilter - JWT valid, extracting user: thisalth2@gmail.com with roles: ROLE_CUSTOMER
2026-02-24 12:06:39.542 [http-nio-8080-exec-5] DEBUG org.hibernate.SQL - 
    select
        u1_0.id,
        u1_0.custom_role_id,
        u1_0.email,
        u1_0.name,
        u1_0.password,
        u1_0.provider,
        u1_0.provider_id,
        u1_0.role 
    from
        users u1_0 
    where
        u1_0.email=?
2026-02-24 12:06:40.955 [http-nio-8080-exec-5] INFO  c.o.E.s.TokenAuthenticationFilter - Authenticated user: thisalth2@gmail.com with roles: [ROLE_CUSTOMER] for GET /api/auth/me
2026-02-24 12:06:40.957 [http-nio-8080-exec-5] INFO  c.o.E.s.TokenAuthenticationFilter - Security context set for user: thisalth2@gmail.com
2026-02-24 12:06:41.027 [http-nio-8080-exec-5] DEBUG o.s.web.servlet.DispatcherServlet - GET "/api/auth/me", parameters={}
2026-02-24 12:06:41.041 [http-nio-8080-exec-5] DEBUG o.s.w.s.m.m.a.RequestMappingHandlerMapping - Mapped to com.oop.EventTicketingSystem.controller.AuthController#getCurrentUser(UserPrincipal)
2026-02-24 12:06:41.214 [MessageBroker-7] DEBUG org.hibernate.SQL - 
    select
        pr1_0.id,
        pr1_0.applied,
        pr1_0.condition_type,
        pr1_0.new_price,
        pr1_0.priority,
        pr1_0.sold_threshold,
        pr1_0.ticket_type_id,
        pr1_0.tier_name,
        pr1_0.trigger_date 
    from
        price_rules pr1_0 
    where
        pr1_0.condition_type='DATE' 
        and pr1_0.applied=0 
        and pr1_0.trigger_date<=?
2026-02-24 12:06:41.292 [MessageBroker-11] DEBUG org.springframework.web.SimpLogging - Processing MESSAGE destination=/topic/system-health session=null payload={"timestamp":"2026-02-24T12:06:40.1830247","heapMemoryUsed":68.88248443603516,"h...(truncated)
2026-02-24 12:06:41.795 [http-nio-8080-exec-5] DEBUG org.hibernate.SQL - 
    select
        u1_0.id,
        cr1_0.id,
        cr1_0.description,
        cr1_0.name,
        p1_0.role_id,
        p1_0.permission,
        u1_0.email,
        u1_0.name,
        u1_0.password,
        u1_0.provider,
        u1_0.provider_id,
        u1_0.role 
    from
        users u1_0 
    left join
        custom_roles cr1_0 
            on cr1_0.id=u1_0.custom_role_id 
    left join
        custom_role_permissions p1_0 
            on cr1_0.id=p1_0.role_id 
    where
        u1_0.id=?
2026-02-24 12:06:43.560 [http-nio-8080-exec-5] DEBUG o.s.w.s.m.m.a.HttpEntityMethodProcessor - Using 'application/json', given [application/json, text/plain, */*] and supported [application/json, application/*+json]
2026-02-24 12:06:43.577 [http-nio-8080-exec-5] DEBUG o.s.w.s.m.m.a.HttpEntityMethodProcessor - Writing [com.oop.EventTicketingSystem.model.User@26b01c7d]
2026-02-24 12:06:43.626 [http-nio-8080-exec-5] DEBUG o.s.web.servlet.DispatcherServlet - Completed 200 OK
2026-02-24 12:06:43.635 [http-nio-8080-exec-6] INFO  c.o.E.s.TokenAuthenticationFilter - JWT token found for GET /api/auth/me
2026-02-24 12:06:43.671 [http-nio-8080-exec-6] INFO  c.o.E.s.TokenAuthenticationFilter - JWT valid, extracting user: thisalth2@gmail.com with roles: ROLE_CUSTOMER
2026-02-24 12:06:43.720 [http-nio-8080-exec-9] INFO  c.o.E.s.TokenAuthenticationFilter - JWT token found for GET /api/events
2026-02-24 12:06:43.755 [http-nio-8080-exec-9] INFO  c.o.E.s.TokenAuthenticationFilter - JWT valid, extracting user: thisalth2@gmail.com with roles: ROLE_CUSTOMER
2026-02-24 12:06:43.987 [http-nio-8080-exec-6] DEBUG org.hibernate.SQL - 
    select
        u1_0.id,
        u1_0.custom_role_id,
        u1_0.email,
        u1_0.name,
        u1_0.password,
        u1_0.provider,
        u1_0.provider_id,
        u1_0.role 
    from
        users u1_0 
    where
        u1_0.email=?
2026-02-24 12:06:44.523 [http-nio-8080-exec-9] DEBUG org.hibernate.SQL - 
    select
        u1_0.id,
        u1_0.custom_role_id,
        u1_0.email,
        u1_0.name,
        u1_0.password,
        u1_0.provider,
        u1_0.provider_id,
        u1_0.role 
    from
        users u1_0 
    where
        u1_0.email=?
2026-02-24 12:06:45.601 [http-nio-8080-exec-6] INFO  c.o.E.s.TokenAuthenticationFilter - Authenticated user: thisalth2@gmail.com with roles: [ROLE_CUSTOMER] for GET /api/auth/me
2026-02-24 12:06:45.602 [http-nio-8080-exec-6] INFO  c.o.E.s.TokenAuthenticationFilter - Security context set for user: thisalth2@gmail.com
2026-02-24 12:06:45.603 [http-nio-8080-exec-6] DEBUG o.s.web.servlet.DispatcherServlet - GET "/api/auth/me", parameters={}
2026-02-24 12:06:45.605 [http-nio-8080-exec-6] DEBUG o.s.w.s.m.m.a.RequestMappingHandlerMapping - Mapped to com.oop.EventTicketingSystem.controller.AuthController#getCurrentUser(UserPrincipal)
2026-02-24 12:06:46.129 [http-nio-8080-exec-9] INFO  c.o.E.s.TokenAuthenticationFilter - Authenticated user: thisalth2@gmail.com with roles: [ROLE_CUSTOMER] for GET /api/events
2026-02-24 12:06:46.131 [http-nio-8080-exec-9] INFO  c.o.E.s.TokenAuthenticationFilter - Security context set for user: thisalth2@gmail.com
2026-02-24 12:06:46.137 [http-nio-8080-exec-9] DEBUG o.s.web.servlet.DispatcherServlet - GET "/api/events", parameters={}
2026-02-24 12:06:46.139 [http-nio-8080-exec-9] DEBUG o.s.w.s.m.m.a.RequestMappingHandlerMapping - Mapped to com.oop.EventTicketingSystem.controller.EventController#getAllEvents()
2026-02-24 12:06:46.161 [http-nio-8080-exec-9] DEBUG org.hibernate.SQL - 
    select
        e1_0.id,
        e1_0.approval_status,
        e1_0.banner_image,
        e1_0.category,
        e1_0.date,
        e1_0.description,
        e1_0.name,
        e1_0.organizer_id,
        e1_0.status,
        e1_0.venue 
    from
        events e1_0 
    where
        e1_0.status=? 
        and e1_0.approval_status=? 
        and e1_0.date>?
2026-02-24 12:06:46.397 [MessageBroker-5] DEBUG org.springframework.web.SimpLogging - Processing MESSAGE destination=/topic/system-health session=null payload={"timestamp":"2026-02-24T12:06:45.1799893","heapMemoryUsed":72.88248443603516,"h...(truncated)
2026-02-24 12:06:46.783 [http-nio-8080-exec-6] DEBUG org.hibernate.SQL - 
    select
        u1_0.id,
        cr1_0.id,
        cr1_0.description,
        cr1_0.name,
        p1_0.role_id,
        p1_0.permission,
        u1_0.email,
        u1_0.name,
        u1_0.password,
        u1_0.provider,
        u1_0.provider_id,
        u1_0.role 
    from
        users u1_0 
    left join
        custom_roles cr1_0 
            on cr1_0.id=u1_0.custom_role_id 
    left join
        custom_role_permissions p1_0 
            on cr1_0.id=p1_0.role_id 
    where
        u1_0.id=?
2026-02-24 12:06:46.804 [http-nio-8080-exec-9] DEBUG org.hibernate.SQL - 
    select
        ec1_0.id,
        ec1_0.event_id,
        ec1_0.is_sent2h,
        ec1_0.is_sent48h,
        ec1_0.is_sent7d,
        ec1_0.reminder2h_body,
        ec1_0.reminder2h_enabled,
        ec1_0.reminder2h_subject,
        ec1_0.reminder48h_body,
        ec1_0.reminder48h_enabled,
        ec1_0.reminder48h_subject,
        ec1_0.reminder7d_body,
        ec1_0.reminder7d_enabled,
        ec1_0.reminder7d_subject 
    from
        event_communications ec1_0 
    where
        ec1_0.event_id=?
2026-02-24 12:06:47.502 [http-nio-8080-exec-9] DEBUG org.hibernate.SQL - 
    select
        ec1_0.id,
        ec1_0.event_id,
        ec1_0.is_sent2h,
        ec1_0.is_sent48h,
        ec1_0.is_sent7d,
        ec1_0.reminder2h_body,
        ec1_0.reminder2h_enabled,
        ec1_0.reminder2h_subject,
        ec1_0.reminder48h_body,
        ec1_0.reminder48h_enabled,
        ec1_0.reminder48h_subject,
        ec1_0.reminder7d_body,
        ec1_0.reminder7d_enabled,
        ec1_0.reminder7d_subject 
    from
        event_communications ec1_0 
    where
        ec1_0.event_id=?
2026-02-24 12:06:48.231 [http-nio-8080-exec-9] DEBUG org.hibernate.SQL - 
    select
        ec1_0.id,
        ec1_0.event_id,
        ec1_0.is_sent2h,
        ec1_0.is_sent48h,
        ec1_0.is_sent7d,
        ec1_0.reminder2h_body,
        ec1_0.reminder2h_enabled,
        ec1_0.reminder2h_subject,
        ec1_0.reminder48h_body,
        ec1_0.reminder48h_enabled,
        ec1_0.reminder48h_subject,
        ec1_0.reminder7d_body,
        ec1_0.reminder7d_enabled,
        ec1_0.reminder7d_subject 
    from
        event_communications ec1_0 
    where
        ec1_0.event_id=?
2026-02-24 12:06:49.018 [http-nio-8080-exec-9] DEBUG org.hibernate.SQL - 
    select
        ec1_0.id,
        ec1_0.event_id,
        ec1_0.is_sent2h,
        ec1_0.is_sent48h,
        ec1_0.is_sent7d,
        ec1_0.reminder2h_body,
        ec1_0.reminder2h_enabled,
        ec1_0.reminder2h_subject,
        ec1_0.reminder48h_body,
        ec1_0.reminder48h_enabled,
        ec1_0.reminder48h_subject,
        ec1_0.reminder7d_body,
        ec1_0.reminder7d_enabled,
        ec1_0.reminder7d_subject 
    from
        event_communications ec1_0 
    where
        ec1_0.event_id=?
2026-02-24 12:06:49.468 [http-nio-8080-exec-6] DEBUG o.s.w.s.m.m.a.HttpEntityMethodProcessor - Using 'application/json', given [application/json, text/plain, */*] and supported [application/json, application/*+json]
2026-02-24 12:06:49.475 [http-nio-8080-exec-6] DEBUG o.s.w.s.m.m.a.HttpEntityMethodProcessor - Writing [com.oop.EventTicketingSystem.model.User@a372382]
2026-02-24 12:06:49.475 [http-nio-8080-exec-9] DEBUG o.s.w.s.m.m.a.RequestResponseBodyMethodProcessor - Using 'application/json', given [application/json, text/plain, */*] and supported [application/json, application/*+json]
2026-02-24 12:06:49.476 [http-nio-8080-exec-6] DEBUG o.s.web.servlet.DispatcherServlet - Completed 200 OK
2026-02-24 12:06:49.484 [http-nio-8080-exec-9] DEBUG o.s.w.s.m.m.a.RequestResponseBodyMethodProcessor - Writing [[com.oop.EventTicketingSystem.model.Event@4640168c, com.oop.EventTicketingSystem.model.Event@3f5d7e5 (truncated)...]
2026-02-24 12:06:49.503 [http-nio-8080-exec-9] DEBUG org.hibernate.SQL - 
    select
        u1_0.id,
        cr1_0.id,
        cr1_0.description,
        cr1_0.name,
        p1_0.role_id,
        p1_0.permission,
        u1_0.email,
        u1_0.name,
        u1_0.password,
        u1_0.provider,
        u1_0.provider_id,
        u1_0.role 
    from
        users u1_0 
    left join
        custom_roles cr1_0 
            on cr1_0.id=u1_0.custom_role_id 
    left join
        custom_role_permissions p1_0 
            on cr1_0.id=p1_0.role_id 
    where
        u1_0.id=?
2026-02-24 12:06:50.364 [http-nio-8080-exec-9] DEBUG org.hibernate.SQL - 
    select
        tt1_0.event_id,
        tt1_0.id,
        tt1_0.name,
        tt1_0.price,
        tt1_0.quantity,
        tt1_0.sold 
    from
        ticket_types tt1_0 
    where
        tt1_0.event_id=?
2026-02-24 12:06:51.005 [http-nio-8080-exec-9] DEBUG org.hibernate.SQL - 
    select
        tt1_0.event_id,
        tt1_0.id,
        tt1_0.name,
        tt1_0.price,
        tt1_0.quantity,
        tt1_0.sold 
    from
        ticket_types tt1_0 
    where
        tt1_0.event_id=?
2026-02-24 12:06:51.600 [http-nio-8080-exec-9] DEBUG org.hibernate.SQL - 
    select
        tt1_0.event_id,
        tt1_0.id,
        tt1_0.name,
        tt1_0.price,
        tt1_0.quantity,
        tt1_0.sold 
    from
        ticket_types tt1_0 
    where
        tt1_0.event_id=?
2026-02-24 12:06:51.952 [MessageBroker-2] DEBUG org.springframework.web.SimpLogging - Processing MESSAGE destination=/topic/system-health session=null payload={"timestamp":"2026-02-24T12:06:50.1861391","heapMemoryUsed":74.88248443603516,"h...(truncated)
2026-02-24 12:06:52.337 [http-nio-8080-exec-9] DEBUG org.hibernate.SQL - 
    select
        tt1_0.event_id,
        tt1_0.id,
        tt1_0.name,
        tt1_0.price,
        tt1_0.quantity,
        tt1_0.sold 
    from
        ticket_types tt1_0 
    where
        tt1_0.event_id=?
2026-02-24 12:06:52.650 [http-nio-8080-exec-9] DEBUG o.s.web.servlet.DispatcherServlet - Completed 200 OK
2026-02-24 12:06:52.653 [http-nio-8080-exec-10] INFO  c.o.E.s.TokenAuthenticationFilter - JWT token found for GET /api/events
2026-02-24 12:06:52.681 [http-nio-8080-exec-4] INFO  c.o.E.s.TokenAuthenticationFilter - No JWT token found for GET /uploads/482d6c97-ec96-432d-87f6-525f17e8ccf0_image%20(1).webp (Authorization header: missing)
2026-02-24 12:06:52.684 [http-nio-8080-exec-3] INFO  c.o.E.s.TokenAuthenticationFilter - No JWT token found for GET /uploads/82425835-5049-4cec-afe8-c81ecd98fe6f_Whisk_0yto0emzhjjzkvtmtqwm1gtl2adm00imklzytgt.png (Authorization header: missing)
2026-02-24 12:06:52.686 [http-nio-8080-exec-4] DEBUG o.s.web.servlet.DispatcherServlet - GET "/uploads/482d6c97-ec96-432d-87f6-525f17e8ccf0_image%20(1).webp", parameters={}
2026-02-24 12:06:52.685 [http-nio-8080-exec-2] INFO  c.o.E.s.TokenAuthenticationFilter - No JWT token found for GET /uploads/8788f694-1007-4790-b61c-f39fb1879f63_image.webp (Authorization header: missing)
2026-02-24 12:06:52.685 [http-nio-8080-exec-1] INFO  c.o.E.s.TokenAuthenticationFilter - No JWT token found for GET /uploads/69491fb3-1b3c-41f7-a4cb-6a4890757fff_image%20(2).webp (Authorization header: missing)
2026-02-24 12:06:52.687 [http-nio-8080-exec-3] DEBUG o.s.web.servlet.DispatcherServlet - GET "/uploads/82425835-5049-4cec-afe8-c81ecd98fe6f_Whisk_0yto0emzhjjzkvtmtqwm1gtl2adm00imklzytgt.png", parameters={}
2026-02-24 12:06:52.687 [http-nio-8080-exec-2] DEBUG o.s.web.servlet.DispatcherServlet - GET "/uploads/8788f694-1007-4790-b61c-f39fb1879f63_image.webp", parameters={}
2026-02-24 12:06:52.705 [http-nio-8080-exec-10] INFO  c.o.E.s.TokenAuthenticationFilter - JWT valid, extracting user: thisalth2@gmail.com with roles: ROLE_CUSTOMER
2026-02-24 12:06:52.706 [http-nio-8080-exec-1] DEBUG o.s.web.servlet.DispatcherServlet - GET "/uploads/69491fb3-1b3c-41f7-a4cb-6a4890757fff_image%20(2).webp", parameters={}
2026-02-24 12:06:52.706 [http-nio-8080-exec-4] DEBUG o.s.w.s.h.SimpleUrlHandlerMapping - Mapped to ResourceHttpRequestHandler [URL [file:uploads/]]
2026-02-24 12:06:52.708 [http-nio-8080-exec-3] DEBUG o.s.w.s.h.SimpleUrlHandlerMapping - Mapped to ResourceHttpRequestHandler [URL [file:uploads/]]
2026-02-24 12:06:52.715 [http-nio-8080-exec-2] DEBUG o.s.w.s.h.SimpleUrlHandlerMapping - Mapped to ResourceHttpRequestHandler [URL [file:uploads/]]
2026-02-24 12:06:52.728 [http-nio-8080-exec-1] DEBUG o.s.w.s.h.SimpleUrlHandlerMapping - Mapped to ResourceHttpRequestHandler [URL [file:uploads/]]
2026-02-24 12:06:52.790 [http-nio-8080-exec-4] DEBUG o.s.web.servlet.DispatcherServlet - Completed 200 OK
2026-02-24 12:06:52.819 [http-nio-8080-exec-1] DEBUG o.s.web.servlet.DispatcherServlet - Completed 200 OK
2026-02-24 12:06:52.820 [http-nio-8080-exec-2] DEBUG o.s.web.servlet.DispatcherServlet - Completed 200 OK
2026-02-24 12:06:53.006 [http-nio-8080-exec-3] DEBUG o.s.web.servlet.DispatcherServlet - Completed 200 OK
2026-02-24 12:06:53.537 [http-nio-8080-exec-10] DEBUG org.hibernate.SQL - 
    select
        u1_0.id,
        u1_0.custom_role_id,
        u1_0.email,
        u1_0.name,
        u1_0.password,
        u1_0.provider,
        u1_0.provider_id,
        u1_0.role 
    from
        users u1_0 
    where
        u1_0.email=?
2026-02-24 12:06:54.641 [http-nio-8080-exec-10] INFO  c.o.E.s.TokenAuthenticationFilter - Authenticated user: thisalth2@gmail.com with roles: [ROLE_CUSTOMER] for GET /api/events
2026-02-24 12:06:54.644 [http-nio-8080-exec-10] INFO  c.o.E.s.TokenAuthenticationFilter - Security context set for user: thisalth2@gmail.com
2026-02-24 12:06:54.645 [http-nio-8080-exec-10] DEBUG o.s.web.servlet.DispatcherServlet - GET "/api/events", parameters={}
2026-02-24 12:06:54.646 [http-nio-8080-exec-10] DEBUG o.s.w.s.m.m.a.RequestMappingHandlerMapping - Mapped to com.oop.EventTicketingSystem.controller.EventController#getAllEvents()
2026-02-24 12:06:54.651 [http-nio-8080-exec-10] DEBUG org.hibernate.SQL - 
    select
        e1_0.id,
        e1_0.approval_status,
        e1_0.banner_image,
        e1_0.category,
        e1_0.date,
        e1_0.description,
        e1_0.name,
        e1_0.organizer_id,
        e1_0.status,
        e1_0.venue 
    from
        events e1_0 
    where
        e1_0.status=? 
        and e1_0.approval_status=? 
        and e1_0.date>?
2026-02-24 12:06:55.266 [http-nio-8080-exec-10] DEBUG org.hibernate.SQL - 
    select
        ec1_0.id,
        ec1_0.event_id,
        ec1_0.is_sent2h,
        ec1_0.is_sent48h,
        ec1_0.is_sent7d,
        ec1_0.reminder2h_body,
        ec1_0.reminder2h_enabled,
        ec1_0.reminder2h_subject,
        ec1_0.reminder48h_body,
        ec1_0.reminder48h_enabled,
        ec1_0.reminder48h_subject,
        ec1_0.reminder7d_body,
        ec1_0.reminder7d_enabled,
        ec1_0.reminder7d_subject 
    from
        event_communications ec1_0 
    where
        ec1_0.event_id=?
2026-02-24 12:06:55.922 [http-nio-8080-exec-10] DEBUG org.hibernate.SQL - 
    select
        ec1_0.id,
        ec1_0.event_id,
        ec1_0.is_sent2h,
        ec1_0.is_sent48h,
        ec1_0.is_sent7d,
        ec1_0.reminder2h_body,
        ec1_0.reminder2h_enabled,
        ec1_0.reminder2h_subject,
        ec1_0.reminder48h_body,
        ec1_0.reminder48h_enabled,
        ec1_0.reminder48h_subject,
        ec1_0.reminder7d_body,
        ec1_0.reminder7d_enabled,
        ec1_0.reminder7d_subject 
    from
        event_communications ec1_0 
    where
        ec1_0.event_id=?
2026-02-24 12:06:56.415 [MessageBroker-8] DEBUG org.springframework.web.SimpLogging - Processing MESSAGE destination=/topic/system-health session=null payload={"timestamp":"2026-02-24T12:06:55.1687811","heapMemoryUsed":78.88248443603516,"h...(truncated)
2026-02-24 12:06:56.546 [http-nio-8080-exec-10] DEBUG org.hibernate.SQL - 
    select
        ec1_0.id,
        ec1_0.event_id,
        ec1_0.is_sent2h,
        ec1_0.is_sent48h,
        ec1_0.is_sent7d,
        ec1_0.reminder2h_body,
        ec1_0.reminder2h_enabled,
        ec1_0.reminder2h_subject,
        ec1_0.reminder48h_body,
        ec1_0.reminder48h_enabled,
        ec1_0.reminder48h_subject,
        ec1_0.reminder7d_body,
        ec1_0.reminder7d_enabled,
        ec1_0.reminder7d_subject 
    from
        event_communications ec1_0 
    where
        ec1_0.event_id=?
2026-02-24 12:06:57.256 [http-nio-8080-exec-10] DEBUG org.hibernate.SQL - 
    select
        ec1_0.id,
        ec1_0.event_id,
        ec1_0.is_sent2h,
        ec1_0.is_sent48h,
        ec1_0.is_sent7d,
        ec1_0.reminder2h_body,
        ec1_0.reminder2h_enabled,
        ec1_0.reminder2h_subject,
        ec1_0.reminder48h_body,
        ec1_0.reminder48h_enabled,
        ec1_0.reminder48h_subject,
        ec1_0.reminder7d_body,
        ec1_0.reminder7d_enabled,
        ec1_0.reminder7d_subject 
    from
        event_communications ec1_0 
    where
        ec1_0.event_id=?
2026-02-24 12:06:57.735 [http-nio-8080-exec-5] INFO  c.o.E.s.TokenAuthenticationFilter - No JWT token found for GET /uploads/482d6c97-ec96-432d-87f6-525f17e8ccf0_image%20(1).webp (Authorization header: missing)
2026-02-24 12:06:57.748 [http-nio-8080-exec-5] DEBUG o.s.web.servlet.DispatcherServlet - GET "/uploads/482d6c97-ec96-432d-87f6-525f17e8ccf0_image%20(1).webp", parameters={}
2026-02-24 12:06:57.767 [http-nio-8080-exec-5] DEBUG o.s.w.s.h.SimpleUrlHandlerMapping - Mapped to ResourceHttpRequestHandler [URL [file:uploads/]]
2026-02-24 12:06:57.822 [http-nio-8080-exec-5] DEBUG o.s.web.servlet.DispatcherServlet - Completed 200 OK
2026-02-24 12:06:57.987 [http-nio-8080-exec-10] DEBUG o.s.w.s.m.m.a.RequestResponseBodyMethodProcessor - Using 'application/json', given [application/json, text/plain, */*] and supported [application/json, application/*+json]
2026-02-24 12:06:57.995 [http-nio-8080-exec-10] DEBUG o.s.w.s.m.m.a.RequestResponseBodyMethodProcessor - Writing [[com.oop.EventTicketingSystem.model.Event@38ef3db9, com.oop.EventTicketingSystem.model.Event@452052c (truncated)...]
2026-02-24 12:06:58.002 [http-nio-8080-exec-10] DEBUG org.hibernate.SQL - 
    select
        u1_0.id,
        cr1_0.id,
        cr1_0.description,
        cr1_0.name,
        p1_0.role_id,
        p1_0.permission,
        u1_0.email,
        u1_0.name,
        u1_0.password,
        u1_0.provider,
        u1_0.provider_id,
        u1_0.role 
    from
        users u1_0 
    left join
        custom_roles cr1_0 
            on cr1_0.id=u1_0.custom_role_id 
    left join
        custom_role_permissions p1_0 
            on cr1_0.id=p1_0.role_id 
    where
        u1_0.id=?
2026-02-24 12:06:58.889 [http-nio-8080-exec-10] DEBUG org.hibernate.SQL - 
    select
        tt1_0.event_id,
        tt1_0.id,
        tt1_0.name,
        tt1_0.price,
        tt1_0.quantity,
        tt1_0.sold 
    from
        ticket_types tt1_0 
    where
        tt1_0.event_id=?
2026-02-24 12:06:59.699 [http-nio-8080-exec-10] DEBUG org.hibernate.SQL - 
    select
        tt1_0.event_id,
        tt1_0.id,
        tt1_0.name,
        tt1_0.price,
        tt1_0.quantity,
        tt1_0.sold 
    from
        ticket_types tt1_0 
    where
        tt1_0.event_id=?
2026-02-24 12:07:00.327 [http-nio-8080-exec-10] DEBUG org.hibernate.SQL - 
    select
        tt1_0.event_id,
        tt1_0.id,
        tt1_0.name,
        tt1_0.price,
        tt1_0.quantity,
        tt1_0.sold 
    from
        ticket_types tt1_0 
    where
        tt1_0.event_id=?
2026-02-24 12:07:00.640 [http-nio-8080-exec-10] DEBUG org.hibernate.SQL - 
    select
        tt1_0.event_id,
        tt1_0.id,
        tt1_0.name,
        tt1_0.price,
        tt1_0.quantity,
        tt1_0.sold 
    from
        ticket_types tt1_0 
    where
        tt1_0.event_id=?
2026-02-24 12:07:00.950 [http-nio-8080-exec-10] DEBUG o.s.web.servlet.DispatcherServlet - Completed 200 OK
2026-02-24 12:07:00.990 [MessageBroker-12] DEBUG org.springframework.web.SimpLogging - Processing MESSAGE destination=/topic/system-health session=null payload={"timestamp":"2026-02-24T12:07:00.1758237","heapMemoryUsed":78.88248443603516,"h...(truncated)
2026-02-24 12:07:06.664 [MessageBroker-11] DEBUG org.springframework.web.SimpLogging - Processing MESSAGE destination=/topic/system-health session=null payload={"timestamp":"2026-02-24T12:07:05.1726903","heapMemoryUsed":80.88248443603516,"h...(truncated)
2026-02-24 12:07:07.866 [http-nio-8080-exec-7] INFO  c.o.E.s.TokenAuthenticationFilter - No JWT token found for GET /uploads/69491fb3-1b3c-41f7-a4cb-6a4890757fff_image%20(2).webp (Authorization header: missing)
2026-02-24 12:07:07.872 [http-nio-8080-exec-7] DEBUG o.s.web.servlet.DispatcherServlet - GET "/uploads/69491fb3-1b3c-41f7-a4cb-6a4890757fff_image%20(2).webp", parameters={}
2026-02-24 12:07:07.881 [http-nio-8080-exec-7] DEBUG o.s.w.s.h.SimpleUrlHandlerMapping - Mapped to ResourceHttpRequestHandler [URL [file:uploads/]]
2026-02-24 12:07:07.896 [http-nio-8080-exec-7] DEBUG o.s.web.servlet.DispatcherServlet - Completed 200 OK
2026-02-24 12:07:11.072 [http-nio-8080-exec-8] INFO  c.o.E.s.TokenAuthenticationFilter - No JWT token found for GET /uploads/482d6c97-ec96-432d-87f6-525f17e8ccf0_image%20(1).webp (Authorization header: missing)
2026-02-24 12:07:11.082 [MessageBroker-7] DEBUG org.springframework.web.SimpLogging - Processing MESSAGE destination=/topic/system-health session=null payload={"timestamp":"2026-02-24T12:07:10.1707779","heapMemoryUsed":80.88248443603516,"h...(truncated)
2026-02-24 12:07:11.107 [http-nio-8080-exec-8] DEBUG o.s.web.servlet.DispatcherServlet - GET "/uploads/482d6c97-ec96-432d-87f6-525f17e8ccf0_image%20(1).webp", parameters={}
2026-02-24 12:07:11.135 [http-nio-8080-exec-8] DEBUG o.s.w.s.h.SimpleUrlHandlerMapping - Mapped to ResourceHttpRequestHandler [URL [file:uploads/]]
2026-02-24 12:07:11.216 [http-nio-8080-exec-8] DEBUG o.s.web.servlet.DispatcherServlet - Completed 200 OK
2026-02-24 12:07:14.172 [http-nio-8080-exec-6] INFO  c.o.E.s.TokenAuthenticationFilter - No JWT token found for GET /uploads/8788f694-1007-4790-b61c-f39fb1879f63_image.webp (Authorization header: missing)
2026-02-24 12:07:14.183 [http-nio-8080-exec-6] DEBUG o.s.web.servlet.DispatcherServlet - GET "/uploads/8788f694-1007-4790-b61c-f39fb1879f63_image.webp", parameters={}
2026-02-24 12:07:14.199 [http-nio-8080-exec-6] DEBUG o.s.w.s.h.SimpleUrlHandlerMapping - Mapped to ResourceHttpRequestHandler [URL [file:uploads/]]
2026-02-24 12:07:14.228 [http-nio-8080-exec-6] DEBUG o.s.web.servlet.DispatcherServlet - Completed 200 OK
2026-02-24 12:07:16.117 [MessageBroker-6] DEBUG org.springframework.web.SimpLogging - Processing MESSAGE destination=/topic/system-health session=null payload={"timestamp":"2026-02-24T12:07:15.1709338","heapMemoryUsed":82.88248443603516,"h...(truncated)
2026-02-24 12:07:16.762 [http-nio-8080-exec-9] INFO  c.o.E.s.TokenAuthenticationFilter - No JWT token found for GET /uploads/82425835-5049-4cec-afe8-c81ecd98fe6f_Whisk_0yto0emzhjjzkvtmtqwm1gtl2adm00imklzytgt.png (Authorization header: missing)
2026-02-24 12:07:16.773 [http-nio-8080-exec-9] DEBUG o.s.web.servlet.DispatcherServlet - GET "/uploads/82425835-5049-4cec-afe8-c81ecd98fe6f_Whisk_0yto0emzhjjzkvtmtqwm1gtl2adm00imklzytgt.png", parameters={}
2026-02-24 12:07:16.779 [http-nio-8080-exec-9] DEBUG o.s.w.s.h.SimpleUrlHandlerMapping - Mapped to ResourceHttpRequestHandler [URL [file:uploads/]]
2026-02-24 12:07:16.830 [http-nio-8080-exec-9] DEBUG o.s.web.servlet.DispatcherServlet - Completed 200 OK
2026-02-24 12:07:21.233 [MessageBroker-9] DEBUG org.springframework.web.SimpLogging - Processing MESSAGE destination=/topic/system-health session=null payload={"timestamp":"2026-02-24T12:07:20.1829704","heapMemoryUsed":82.88248443603516,"h...(truncated)
2026-02-24 12:07:21.279 [http-nio-8080-exec-4] INFO  c.o.E.s.TokenAuthenticationFilter - No JWT token found for GET /uploads/69491fb3-1b3c-41f7-a4cb-6a4890757fff_image%20(2).webp (Authorization header: missing)
2026-02-24 12:07:21.309 [http-nio-8080-exec-4] DEBUG o.s.web.servlet.DispatcherServlet - GET "/uploads/69491fb3-1b3c-41f7-a4cb-6a4890757fff_image%20(2).webp", parameters={}
2026-02-24 12:07:21.329 [http-nio-8080-exec-4] DEBUG o.s.w.s.h.SimpleUrlHandlerMapping - Mapped to ResourceHttpRequestHandler [URL [file:uploads/]]
2026-02-24 12:07:21.366 [http-nio-8080-exec-4] DEBUG o.s.web.servlet.DispatcherServlet - Completed 200 OK
2026-02-24 12:07:26.143 [MessageBroker-3] DEBUG org.springframework.web.SimpLogging - Processing MESSAGE destination=/topic/system-health session=null payload={"timestamp":"2026-02-24T12:07:25.1721687","heapMemoryUsed":84.88248443603516,"h...(truncated)
2026-02-24 12:07:33.839 [MessageBroker-8] DEBUG org.springframework.web.SimpLogging - Processing MESSAGE destination=/topic/system-health session=null payload={"timestamp":"2026-02-24T12:07:30.1738111","heapMemoryUsed":84.88248443603516,"h...(truncated)
2026-02-24 12:07:35.293 [MessageBroker-1] WARN  com.zaxxer.hikari.pool.PoolBase - HikariPool-1 - Failed to validate connection com.mysql.cj.jdbc.ConnectionImpl@120895d2 (No operations allowed after connection closed.). Possibly consider using a shorter maxLifetime value.
2026-02-24 12:07:37.295 [MessageBroker-1] DEBUG org.springframework.web.SimpLogging - Processing MESSAGE destination=/topic/system-health session=null payload={"timestamp":"2026-02-24T12:07:35.1713216","heapMemoryUsed":86.88248443603516,"h...(truncated)
2026-02-24 12:07:41.500 [MessageBroker-9] DEBUG org.hibernate.SQL - 
    select
        pr1_0.id,
        pr1_0.applied,
        pr1_0.condition_type,
        pr1_0.new_price,
        pr1_0.priority,
        pr1_0.sold_threshold,
        pr1_0.ticket_type_id,
        pr1_0.tier_name,
        pr1_0.trigger_date 
    from
        price_rules pr1_0 
    where
        pr1_0.condition_type='DATE' 
        and pr1_0.applied=0 
        and pr1_0.trigger_date<=?
2026-02-24 12:07:41.554 [MessageBroker-8] DEBUG org.springframework.web.SimpLogging - Processing MESSAGE destination=/topic/system-health session=null payload={"timestamp":"2026-02-24T12:07:40.1825304","heapMemoryUsed":88.88248443603516,"h...(truncated)
2026-02-24 12:07:46.031 [MessageBroker-12] DEBUG org.springframework.web.SimpLogging - Processing MESSAGE destination=/topic/system-health session=null payload={"timestamp":"2026-02-24T12:07:45.1810412","heapMemoryUsed":88.88248443603516,"h...(truncated)
2026-02-24 12:07:51.660 [MessageBroker-8] DEBUG org.springframework.web.SimpLogging - Processing MESSAGE destination=/topic/system-health session=null payload={"timestamp":"2026-02-24T12:07:50.1819721","heapMemoryUsed":90.88248443603516,"h...(truncated)
2026-02-24 12:07:51.967 [http-nio-8080-exec-1] INFO  c.o.E.s.TokenAuthenticationFilter - No JWT token found for GET /uploads/482d6c97-ec96-432d-87f6-525f17e8ccf0_image%20(1).webp (Authorization header: missing)
2026-02-24 12:07:51.967 [http-nio-8080-exec-1] DEBUG o.s.web.servlet.DispatcherServlet - GET "/uploads/482d6c97-ec96-432d-87f6-525f17e8ccf0_image%20(1).webp", parameters={}
2026-02-24 12:07:51.968 [http-nio-8080-exec-1] DEBUG o.s.w.s.h.SimpleUrlHandlerMapping - Mapped to ResourceHttpRequestHandler [URL [file:uploads/]]
2026-02-24 12:07:51.970 [http-nio-8080-exec-1] DEBUG o.s.web.servlet.DispatcherServlet - Completed 200 OK
2026-02-24 12:07:56.202 [MessageBroker-12] DEBUG org.springframework.web.SimpLogging - Processing MESSAGE destination=/topic/system-health session=null payload={"timestamp":"2026-02-24T12:07:55.182038","heapMemoryUsed":90.88248443603516,"he...(truncated)
2026-02-24 12:08:01.053 [MessageBroker-8] DEBUG org.springframework.web.SimpLogging - Processing MESSAGE destination=/topic/system-health session=null payload={"timestamp":"2026-02-24T12:08:00.1758754","heapMemoryUsed":90.88248443603516,"h...(truncated)
2026-02-24 12:08:08.783 [MessageBroker-4] DEBUG org.springframework.web.SimpLogging - Processing MESSAGE destination=/topic/system-health session=null payload={"timestamp":"2026-02-24T12:08:05.180682","heapMemoryUsed":92.88248443603516,"he...(truncated)
2026-02-24 12:08:12.451 [MessageBroker-8] DEBUG org.springframework.web.SimpLogging - Processing MESSAGE destination=/topic/system-health session=null payload={"timestamp":"2026-02-24T12:08:10.1770012","heapMemoryUsed":92.88248443603516,"h...(truncated)
2026-02-24 12:08:17.427 [MessageBroker-1] DEBUG org.springframework.web.SimpLogging - Processing MESSAGE destination=/topic/system-health session=null payload={"timestamp":"2026-02-24T12:08:15.1801413","heapMemoryUsed":94.88248443603516,"h...(truncated)
2026-02-24 12:08:24.719 [MessageBroker-6] DEBUG org.springframework.web.SimpLogging - Processing MESSAGE destination=/topic/system-health session=null payload={"timestamp":"2026-02-24T12:08:20.1681617","heapMemoryUsed":94.88248443603516,"h...(truncated)
2026-02-24 12:08:25.230 [MessageBroker-3] WARN  com.zaxxer.hikari.pool.PoolBase - HikariPool-1 - Failed to validate connection com.mysql.cj.jdbc.ConnectionImpl@b1f127c (No operations allowed after connection closed.). Possibly consider using a shorter maxLifetime value.
2026-02-24 12:08:27.204 [MessageBroker-3] DEBUG org.springframework.web.SimpLogging - Processing MESSAGE destination=/topic/system-health session=null payload={"timestamp":"2026-02-24T12:08:25.182988","heapMemoryUsed":96.88248443603516,"he...(truncated)
2026-02-24 12:08:32.686 [SpringApplicationShutdownHook] INFO  o.s.b.w.e.tomcat.GracefulShutdown - Commencing graceful shutdown. Waiting for active requests to complete
2026-02-24 12:08:34.117 [tomcat-shutdown] INFO  o.s.b.w.e.tomcat.GracefulShutdown - Graceful shutdown complete
2026-02-24 12:08:34.120 [SpringApplicationShutdownHook] DEBUG org.springframework.web.SimpLogging - clientOutboundChannel removed SubProtocolWebSocketHandler[StompSubProtocolHandler[v10.stomp, v11.stomp, v12.stomp]]
2026-02-24 12:08:34.121 [SpringApplicationShutdownHook] DEBUG org.springframework.web.SimpLogging - clientInboundChannel removed WebSocketAnnotationMethodMessageHandler[prefixes=[/app/]]
2026-02-24 12:08:34.121 [SpringApplicationShutdownHook] INFO  o.s.m.s.b.SimpleBrokerMessageHandler - Stopping...
2026-02-24 12:08:34.121 [SpringApplicationShutdownHook] INFO  o.s.m.s.b.SimpleBrokerMessageHandler - BrokerAvailabilityEvent[available=false, SimpleBrokerMessageHandler [org.springframework.messaging.simp.broker.DefaultSubscriptionRegistry@52931a35]]
2026-02-24 12:08:34.121 [SpringApplicationShutdownHook] DEBUG org.springframework.web.SimpLogging - clientInboundChannel removed SimpleBrokerMessageHandler [org.springframework.messaging.simp.broker.DefaultSubscriptionRegistry@52931a35]
2026-02-24 12:08:34.121 [SpringApplicationShutdownHook] DEBUG org.springframework.web.SimpLogging - brokerChannel removed SimpleBrokerMessageHandler [org.springframework.messaging.simp.broker.DefaultSubscriptionRegistry@52931a35]
2026-02-24 12:08:34.122 [SpringApplicationShutdownHook] INFO  o.s.m.s.b.SimpleBrokerMessageHandler - Stopped.
2026-02-24 12:08:34.122 [SpringApplicationShutdownHook] DEBUG org.springframework.web.SimpLogging - clientInboundChannel removed UserDestinationMessageHandler[DefaultUserDestinationResolver[prefix=/user/]]
2026-02-24 12:08:34.122 [SpringApplicationShutdownHook] DEBUG org.springframework.web.SimpLogging - brokerChannel removed UserDestinationMessageHandler[DefaultUserDestinationResolver[prefix=/user/]]
2026-02-24 12:08:34.722 [SpringApplicationShutdownHook] INFO  o.s.o.j.LocalContainerEntityManagerFactoryBean - Closing JPA EntityManagerFactory for persistence unit 'default'
2026-02-24 12:08:34.726 [SpringApplicationShutdownHook] INFO  com.zaxxer.hikari.HikariDataSource - HikariPool-1 - Shutdown initiated...
